ARM GAS  C:\Users\84935\AppData\Local\Temp\ccNWee7a.s 			page 1


   1              		.cpu cortex-m3
   2              		.arch armv7-m
   3              		.fpu softvfp
   4              		.eabi_attribute 20, 1
   5              		.eabi_attribute 21, 1
   6              		.eabi_attribute 23, 3
   7              		.eabi_attribute 24, 1
   8              		.eabi_attribute 25, 1
   9              		.eabi_attribute 26, 1
  10              		.eabi_attribute 30, 1
  11              		.eabi_attribute 34, 1
  12              		.eabi_attribute 18, 4
  13              		.file	"Fuzzy_motor_cfg.c"
  14              		.text
  15              	.Ltext0:
  16              		.cfi_sections	.debug_frame
  17              		.global	fuzzy_rules
  18              		.global	fuzzy_outputs
  19              		.global	fuzzy_inputs
  20              		.global	motor1
  21              		.section	.bss.fuzzy_inputs,"aw",%nobits
  22              		.align	2
  25              	fuzzy_inputs:
  26 0000 00000000 		.space	24
  26      00000000 
  26      00000000 
  26      00000000 
  26      00000000 
  27              		.section	.bss.fuzzy_outputs,"aw",%nobits
  28              		.align	2
  31              	fuzzy_outputs:
  32 0000 00000000 		.space	24
  32      00000000 
  32      00000000 
  32      00000000 
  32      00000000 
  33              		.section	.bss.fuzzy_rules,"aw",%nobits
  34              		.align	2
  37              	fuzzy_rules:
  38 0000 00000000 		.space	12
  38      00000000 
  38      00000000 
  39              		.section	.data.motor1,"aw"
  40              		.align	2
  43              	motor1:
  44 0000 000C0140 		.word	1073810432
  45 0004 000C0140 		.word	1073810432
  46 0008 1000     		.short	16
  47 000a 2000     		.short	32
  48 000c 00000040 		.word	1073741824
  49 0010 00080040 		.word	1073743872
  50 0014 00       		.byte	0
  51 0015 00       		.space	1
  52 0016 7601     		.short	374
  53 0018 1400     		.short	20
  54 001a F301     		.short	499
  55 001c FA00     		.short	250
ARM GAS  C:\Users\84935\AppData\Local\Temp\ccNWee7a.s 			page 2


  56 001e 0F       		.byte	15
  57 001f 00       		.space	1
  58 0020 0100     		.short	1
  59 0022 0100     		.short	1
  60 0024 0100     		.short	1
  61 0026 0000     		.space	2
  62 0028 00000000 		.word	0
  63 002c 00000000 		.word	0
  64 0030 00       		.byte	0
  65 0031 00       		.byte	0
  66 0032 0000     		.space	2
  67 0034 00000000 		.word	0
  68 0038 00000000 		.word	0
  69 003c 00000000 		.word	0
  70 0040 0000     		.short	0
  71 0042 0000     		.short	0
  72 0044 00000000 		.word	0
  73              		.text
  74              	.Letext0:
  75              		.file 1 "c:\\users\\84935\\stm32f103c8t6\\tools\\gcc-arm-none-eabi-10.3-2021.10-win32\\gcc-arm-non
  76              		.file 2 "c:\\users\\84935\\stm32f103c8t6\\tools\\gcc-arm-none-eabi-10.3-2021.10-win32\\gcc-arm-non
  77              		.file 3 "Drivers/CMSIS/Device/ST/STM32F1xx/Include/stm32f103xb.h"
  78              		.file 4 "ECUAL/Fuzzy_motor/Fuzzy_motor.h"
  79              		.file 5 "ECUAL/Fuzzy_motor/Fuzzy_motor_cfg.c"
ARM GAS  C:\Users\84935\AppData\Local\Temp\ccNWee7a.s 			page 3


DEFINED SYMBOLS
                            *ABS*:00000000 Fuzzy_motor_cfg.c
C:\Users\84935\AppData\Local\Temp\ccNWee7a.s:37     .bss.fuzzy_rules:00000000 fuzzy_rules
C:\Users\84935\AppData\Local\Temp\ccNWee7a.s:31     .bss.fuzzy_outputs:00000000 fuzzy_outputs
C:\Users\84935\AppData\Local\Temp\ccNWee7a.s:25     .bss.fuzzy_inputs:00000000 fuzzy_inputs
C:\Users\84935\AppData\Local\Temp\ccNWee7a.s:43     .data.motor1:00000000 motor1
C:\Users\84935\AppData\Local\Temp\ccNWee7a.s:22     .bss.fuzzy_inputs:00000000 $d
C:\Users\84935\AppData\Local\Temp\ccNWee7a.s:28     .bss.fuzzy_outputs:00000000 $d
C:\Users\84935\AppData\Local\Temp\ccNWee7a.s:34     .bss.fuzzy_rules:00000000 $d
C:\Users\84935\AppData\Local\Temp\ccNWee7a.s:40     .data.motor1:00000000 $d

NO UNDEFINED SYMBOLS
